<?xml version="1.0" encoding="UTF-8"?>
<!-- Generated by org.testng.reporters.JUnitReportReporter -->
<testsuite hostname="LAPTOP-9CFRMLT4" failures="0" tests="1" name="testng.NewTestExample" time="0.006" errors="0" timestamp="2024-12-30T23:12:23 IST" skipped="0">
  <testcase classname="testng.NewTestExample" name="newsample" time="0.006"/>
</testsuite> <!-- testng.NewTestExample -->
