<?xml version="1.0" encoding="UTF-8"?>
<!-- Generated by org.testng.reporters.JUnitReportReporter -->
<testsuite hostname="LAPTOP-9CFRMLT4" failures="0" tests="2" name="testng.NewTestNG" time="0.008" errors="0" timestamp="2024-12-30T21:37:46 IST" skipped="0">
  <testcase classname="testng.NewTestNG" name="a_sample" time="0.008"/>
  <testcase classname="testng.NewTestNG" name="sample_testng" time="0.000"/>
</testsuite> <!-- testng.NewTestNG -->
