<?xml version="1.0" encoding="UTF-8"?>
<!-- Generated by org.testng.reporters.JUnitReportReporter -->
<testsuite hostname="LAPTOP-9CFRMLT4" failures="0" tests="2" name="testng.ExampleAnnotations" time="0.014" errors="0" timestamp="2024-12-30T21:44:05 IST" skipped="0">
  <testcase classname="testng.ExampleAnnotations" name="example" time="0.005"/>
  <testcase classname="testng.ExampleAnnotations" name="sample" time="0.009"/>
</testsuite> <!-- testng.ExampleAnnotations -->
